#
# There is insufficient memory for the Java Runtime Environment to continue.
# Native memory allocation (malloc) failed to allocate 32744 bytes for ChunkPool::allocate
# Possible reasons:
#   The system is out of physical RAM or swap space
#   The process is running with CompressedOops enabled, and the Java Heap may be blocking the growth of the native heap
# Possible solutions:
#   Reduce memory load on the system
#   Increase physical memory or swap space
#   Check if swap backing store is full
#   Decrease Java heap size (-Xmx/-Xms)
#   Decrease number of Java threads
#   Decrease Java thread stack sizes (-Xss)
#   Set larger code cache with -XX:ReservedCodeCacheSize=
#   JVM is running with Unscaled Compressed Oops mode in which the Java heap is
#     placed in the first 4GB address space. The Java Heap base address is the
#     maximum limit for the native heap growth. Please use -XX:HeapBaseMinAddress
#     to set the Java Heap base and to place the Java Heap above 4GB virtual address.
# This output file may be truncated or incomplete.
#
#  Out of Memory Error (arena.cpp:79), pid=33040, tid=32704
#
# JRE version: OpenJDK Runtime Environment Temurin-17.0.10+7 (17.0.10+7) (build 17.0.10+7)
# Java VM: OpenJDK 64-Bit Server VM Temurin-17.0.10+7 (17.0.10+7, mixed mode, tiered, compressed oops, compressed class ptrs, parallel gc, windows-amd64)
# No core dump will be written. Minidumps are not enabled by default on client versions of Windows
#

---------------  S U M M A R Y ------------

Command Line: --add-modules=ALL-SYSTEM --add-opens=java.base/java.util=ALL-UNNAMED --add-opens=java.base/java.lang=ALL-UNNAMED --add-opens=java.base/sun.nio.fs=ALL-UNNAMED -Declipse.application=org.eclipse.jdt.ls.core.id1 -Dosgi.bundles.defaultStartLevel=4 -Declipse.product=org.eclipse.jdt.ls.core.product -Djava.import.generatesMetadataFilesAtProjectRoot=false -DDetectVMInstallationsJob.disabled=true -Dfile.encoding=utf8 -XX:+UseParallelGC -XX:GCTimeRatio=4 -XX:AdaptiveSizePolicyWeight=90 -Dsun.zip.disableMemoryMapping=true -Xmx1G -Xms100m -Xlog:disable -javaagent:c:\Users\paulohenrique\.vscode\extensions\redhat.java-1.30.0-win32-x64\lombok\lombok-1.18.32.jar -XX:+HeapDumpOnOutOfMemoryError -XX:HeapDumpPath=c:\Users\paulohenrique\AppData\Roaming\Code\User\workspaceStorage\1147f21415c464b20e3d3008bd52bc77\redhat.java -Daether.dependencyCollector.impl=bf -agentpath:C:\Program Files\SentinelOne\Sentinel Agent 23.3.3.264\SentinelJava64.dll=extendedCapabilities c:\Users\paulohenrique\.vscode\extensions\redhat.java-1.30.0-win32-x64\server\plugins\org.eclipse.equinox.launcher_1.6.800.v20240330-1250.jar -configuration c:\Users\paulohenrique\AppData\Roaming\Code\User\globalStorage\redhat.java\1.30.0\config_win -data c:\Users\paulohenrique\AppData\Roaming\Code\User\workspaceStorage\1147f21415c464b20e3d3008bd52bc77\redhat.java\jdt_ws --pipe=\\.\pipe\lsp-73d70d180f82a8b0f81584e7be20cc09-sock

Host: AMD Ryzen 5 PRO 5650G with Radeon Graphics     , 12 cores, 7G,  Windows 11 , 64 bit Build 22621 (10.0.22621.3374)
Time: Tue May  7 14:10:45 2024 Hora oficial do Brasil elapsed time: 51.886738 seconds (0d 0h 0m 51s)

---------------  T H R E A D  ---------------

Current thread (0x00000190ff827800):  JavaThread "C2 CompilerThread0" daemon [_thread_in_native, id=32704, stack(0x0000001fe8e00000,0x0000001fe8f00000)]


Current CompileTask:
C2:  51886 8961       4       com.google.inject.internal.MoreTypes::canonicalize (143 bytes)

Stack: [0x0000001fe8e00000,0x0000001fe8f00000]
Native frames: (J=compiled Java code, j=interpreted, Vv=VM code, C=native code)
V  [jvm.dll+0x67d2c9]
V  [jvm.dll+0x834afa]
V  [jvm.dll+0x8365be]
V  [jvm.dll+0x836c23]
V  [jvm.dll+0x2477ff]
V  [jvm.dll+0xac711]
V  [jvm.dll+0xacb5c]
V  [jvm.dll+0xac61b]
V  [jvm.dll+0x65ab1c]
V  [jvm.dll+0x571a9e]
V  [jvm.dll+0x570c73]
V  [jvm.dll+0x570c2c]
V  [jvm.dll+0x574450]
V  [jvm.dll+0x573ee7]
V  [jvm.dll+0x5734fe]
V  [jvm.dll+0x5853cf]
V  [jvm.dll+0x2228a2]
V  [jvm.dll+0x21ba9e]
V  [jvm.dll+0x219201]
V  [jvm.dll+0x1a502d]
V  [jvm.dll+0x2290de]
V  [jvm.dll+0x2272ac]
V  [jvm.dll+0x7e9bb7]
V  [jvm.dll+0x7e3fba]
V  [jvm.dll+0x67c1b5]
C  [ucrtbase.dll+0x29333]
C  [KERNEL32.DLL+0x1257d]
C  [ntdll.dll+0x5aa48]


---------------  P R O C E S S  ---------------

Threads class SMR info:
_java_thread_list=0x000001909a77bbf0, length=44, elements={
0x00000190fbf37810, 0x00000190ff80c270, 0x00000190ff80d780, 0x00000190fed6b010,
0x00000190fed6bba0, 0x00000190fed6e5e0, 0x00000190ff81f6f0, 0x00000190ff827800,
0x00000190ff83e270, 0x00000190ff83ed60, 0x00000190ff91b000, 0x00000190ffb0e6c0,
0x00000190ff8fd8e0, 0x00000190ff8fb060, 0x00000190ff8fe810, 0x00000190ff8fb570,
0x0000019097717c90, 0x0000019097712b90, 0x0000019097716340, 0x0000019097717270,
0x00000190977149f0, 0x0000019097710d30, 0x00000190977186b0, 0x0000019097711c60,
0x0000019097711750, 0x0000019097713fd0, 0x00000190977144e0, 0x0000019097712680,
0x00000190977130a0, 0x0000019097715410, 0x000001909a9b3410, 0x000001909a9b66b0,
0x000001909a9b8510, 0x000001909a9b24e0, 0x000001909a9b1fd0, 0x000001909a9b3920,
0x000001909a9b6bc0, 0x000001909a9b2f00, 0x000001909a9b29f0, 0x000001909a9b4340,
0x000001909a9b8a20, 0x00000190ff8fddf0, 0x00000190971e7980, 0x00000190971eaea0
}

Java Threads: ( => current thread )
  0x00000190fbf37810 JavaThread "main" [_thread_blocked, id=25864, stack(0x0000001fe8500000,0x0000001fe8600000)]
  0x00000190ff80c270 JavaThread "Reference Handler" daemon [_thread_blocked, id=37388, stack(0x0000001fe8800000,0x0000001fe8900000)]
  0x00000190ff80d780 JavaThread "Finalizer" daemon [_thread_blocked, id=14064, stack(0x0000001fe8900000,0x0000001fe8a00000)]
  0x00000190fed6b010 JavaThread "Signal Dispatcher" daemon [_thread_blocked, id=12672, stack(0x0000001fe8a00000,0x0000001fe8b00000)]
  0x00000190fed6bba0 JavaThread "Attach Listener" daemon [_thread_blocked, id=4668, stack(0x0000001fe8b00000,0x0000001fe8c00000)]
  0x00000190fed6e5e0 JavaThread "Service Thread" daemon [_thread_blocked, id=29768, stack(0x0000001fe8c00000,0x0000001fe8d00000)]
  0x00000190ff81f6f0 JavaThread "Monitor Deflation Thread" daemon [_thread_blocked, id=24464, stack(0x0000001fe8d00000,0x0000001fe8e00000)]
=>0x00000190ff827800 JavaThread "C2 CompilerThread0" daemon [_thread_in_native, id=32704, stack(0x0000001fe8e00000,0x0000001fe8f00000)]
  0x00000190ff83e270 JavaThread "C1 CompilerThread0" daemon [_thread_in_native, id=30408, stack(0x0000001fe8f00000,0x0000001fe9000000)]
  0x00000190ff83ed60 JavaThread "Sweeper thread" daemon [_thread_blocked, id=10412, stack(0x0000001fe9000000,0x0000001fe9100000)]
  0x00000190ff91b000 JavaThread "Common-Cleaner" daemon [_thread_blocked, id=10816, stack(0x0000001fe9100000,0x0000001fe9200000)]
  0x00000190ffb0e6c0 JavaThread "Notification Thread" daemon [_thread_blocked, id=1588, stack(0x0000001fe9200000,0x0000001fe9300000)]
  0x00000190ff8fd8e0 JavaThread "Active Thread: Equinox Container: 137dbb82-7fe2-4e4c-90f9-551e65b22085" [_thread_blocked, id=38904, stack(0x0000001fe9f00000,0x0000001fea000000)]
  0x00000190ff8fb060 JavaThread "Framework Event Dispatcher: Equinox Container: 137dbb82-7fe2-4e4c-90f9-551e65b22085" daemon [_thread_blocked, id=36500, stack(0x0000001fea000000,0x0000001fea100000)]
  0x00000190ff8fe810 JavaThread "Start Level: Equinox Container: 137dbb82-7fe2-4e4c-90f9-551e65b22085" daemon [_thread_blocked, id=32660, stack(0x0000001fea100000,0x0000001fea200000)]
  0x00000190ff8fb570 JavaThread "Refresh Thread: Equinox Container: 137dbb82-7fe2-4e4c-90f9-551e65b22085" daemon [_thread_blocked, id=22620, stack(0x0000001fea400000,0x0000001fea500000)]
  0x0000019097717c90 JavaThread "Bundle File Closer" daemon [_thread_blocked, id=33628, stack(0x0000001feab00000,0x0000001feac00000)]
  0x0000019097712b90 JavaThread "SCR Component Actor" daemon [_thread_blocked, id=25184, stack(0x0000001feae00000,0x0000001feaf00000)]
  0x0000019097716340 JavaThread "Worker-JM" [_thread_blocked, id=25640, stack(0x0000001feb000000,0x0000001feb100000)]
  0x0000019097717270 JavaThread "Worker-0" [_thread_blocked, id=28804, stack(0x0000001feb100000,0x0000001feb200000)]
  0x00000190977149f0 JavaThread "Worker-1" [_thread_blocked, id=15692, stack(0x0000001feb200000,0x0000001feb300000)]
  0x0000019097710d30 JavaThread "Java indexing" daemon [_thread_blocked, id=19860, stack(0x0000001feb300000,0x0000001feb400000)]
  0x00000190977186b0 JavaThread "JNA Cleaner" daemon [_thread_blocked, id=30388, stack(0x0000001feb400000,0x0000001feb500000)]
  0x0000019097711c60 JavaThread "Thread-2" daemon [_thread_in_native, id=25692, stack(0x0000001feb700000,0x0000001feb800000)]
  0x0000019097711750 JavaThread "Thread-3" daemon [_thread_in_native, id=34108, stack(0x0000001feb800000,0x0000001feb900000)]
  0x0000019097713fd0 JavaThread "Thread-4" daemon [_thread_in_native, id=37000, stack(0x0000001feb900000,0x0000001feba00000)]
  0x00000190977144e0 JavaThread "Thread-5" daemon [_thread_in_native, id=14016, stack(0x0000001feba00000,0x0000001febb00000)]
  0x0000019097712680 JavaThread "Thread-6" daemon [_thread_in_native, id=35988, stack(0x0000001febb00000,0x0000001febc00000)]
  0x00000190977130a0 JavaThread "Thread-7" daemon [_thread_in_native, id=28036, stack(0x0000001febc00000,0x0000001febd00000)]
  0x0000019097715410 JavaThread "Thread-8" daemon [_thread_in_native, id=27028, stack(0x0000001febd00000,0x0000001febe00000)]
  0x000001909a9b3410 JavaThread "Thread-9" daemon [_thread_in_native, id=3136, stack(0x0000001febe00000,0x0000001febf00000)]
  0x000001909a9b66b0 JavaThread "Thread-10" daemon [_thread_in_native, id=35064, stack(0x0000001febf00000,0x0000001fec000000)]
  0x000001909a9b8510 JavaThread "Thread-11" daemon [_thread_in_native, id=37804, stack(0x0000001fec000000,0x0000001fec100000)]
  0x000001909a9b24e0 JavaThread "Thread-12" daemon [_thread_in_native, id=38600, stack(0x0000001fec100000,0x0000001fec200000)]
  0x000001909a9b1fd0 JavaThread "Thread-13" daemon [_thread_in_native, id=11132, stack(0x0000001fec200000,0x0000001fec300000)]
  0x000001909a9b3920 JavaThread "Thread-14" daemon [_thread_in_native, id=16696, stack(0x0000001fec300000,0x0000001fec400000)]
  0x000001909a9b6bc0 JavaThread "pool-2-thread-1" [_thread_blocked, id=14256, stack(0x0000001fec400000,0x0000001fec500000)]
  0x000001909a9b2f00 JavaThread "Worker-2: Initialize Workspace" [_thread_in_native, id=23400, stack(0x0000001fec500000,0x0000001fec600000)]
  0x000001909a9b29f0 JavaThread "WorkspaceEventsHandler" [_thread_blocked, id=36344, stack(0x0000001fec600000,0x0000001fec700000)]
  0x000001909a9b4340 JavaThread "pool-1-thread-1" [_thread_blocked, id=14396, stack(0x0000001fec700000,0x0000001fec800000)]
  0x000001909a9b8a20 JavaThread "Worker-3" [_thread_blocked, id=32792, stack(0x0000001fec800000,0x0000001fec900000)]
  0x00000190ff8fddf0 JavaThread "Worker-4" [_thread_blocked, id=34104, stack(0x0000001fe9b00000,0x0000001fe9c00000)]
  0x00000190971e7980 JavaThread "C2 CompilerThread1" daemon [_thread_in_native, id=4756, stack(0x0000001fe9900000,0x0000001fe9a00000)]
  0x00000190971eaea0 JavaThread "C2 CompilerThread2" daemon [_thread_in_native, id=36772, stack(0x0000001fe9a00000,0x0000001fe9b00000)]

Other Threads:
  0x00000190fbf8ed00 VMThread "VM Thread" [stack: 0x0000001fe8700000,0x0000001fe8800000] [id=20708]
  0x00000190ffb0eba0 WatcherThread [stack: 0x0000001fe9300000,0x0000001fe9400000] [id=9280]
  0x00000190fbf5d330 GCTaskThread "GC Thread#0" [stack: 0x0000001fe8600000,0x0000001fe8700000] [id=38240]
  0x0000019096e814a0 GCTaskThread "GC Thread#1" [stack: 0x0000001fe9400000,0x0000001fe9500000] [id=38092]
  0x00000190973da010 GCTaskThread "GC Thread#2" [stack: 0x0000001fe9500000,0x0000001fe9600000] [id=23688]
  0x00000190973da2d0 GCTaskThread "GC Thread#3" [stack: 0x0000001fe9600000,0x0000001fe9700000] [id=29960]
  0x0000019097189890 GCTaskThread "GC Thread#4" [stack: 0x0000001fe9700000,0x0000001fe9800000] [id=32024]
  0x0000019097189b50 GCTaskThread "GC Thread#5" [stack: 0x0000001fe9800000,0x0000001fe9900000] [id=32844]
  0x00000190968c8870 GCTaskThread "GC Thread#6" [stack: 0x0000001fea200000,0x0000001fea300000] [id=35824]
  0x0000019096c2e480 GCTaskThread "GC Thread#7" [stack: 0x0000001fea300000,0x0000001fea400000] [id=11448]
  0x0000019097247640 GCTaskThread "GC Thread#8" [stack: 0x0000001feac00000,0x0000001fead00000] [id=29348]
  0x0000019097e37c80 GCTaskThread "GC Thread#9" [stack: 0x0000001fead00000,0x0000001feae00000] [id=36840]

Threads with active compile tasks:
C2 CompilerThread0    51988 8961       4       com.google.inject.internal.MoreTypes::canonicalize (143 bytes)
C2 CompilerThread1    51988 8969   !   4       org.eclipse.osgi.internal.loader.classpath.ClasspathManager::findLocalClass (210 bytes)
C2 CompilerThread2    51988 8960       4       java.util.TimSort::sort (229 bytes)

VM state: not at safepoint (normal execution)

VM Mutex/Monitor currently owned by a thread:  ([mutex/lock_event])
[0x00000190fbf464a0] Compile_lock - owner thread: 0x0000000000000000

Heap address: 0x00000000c0000000, size: 1024 MB, Compressed Oops mode: 32-bit

CDS archive(s) not mapped
Compressed class space mapped at: 0x0000000100000000-0x0000000140000000, reserved size: 1073741824
Narrow klass base: 0x0000000000000000, Narrow klass shift: 3, Narrow klass range: 0x140000000

GC Precious Log:
 CPUs: 12 total, 12 available
 Memory: 7529M
 Large Page Support: Disabled
 NUMA Support: Disabled
 Compressed Oops: Enabled (32-bit)
 Alignments: Space 512K, Generation 512K, Heap 2M
 Heap Min Capacity: 100M
 Heap Initial Capacity: 100M
 Heap Max Capacity: 1G
 Pre-touch: Disabled
 Parallel Workers: 10

Heap:
 PSYoungGen      total 17408K, used 11746K [0x00000000eab00000, 0x00000000ebd80000, 0x0000000100000000)
  eden space 16896K, 67% used [0x00000000eab00000,0x00000000eb628898,0x00000000ebb80000)
  from space 512K, 62% used [0x00000000ebd00000,0x00000000ebd50000,0x00000000ebd80000)
  to   space 512K, 0% used [0x00000000ebc80000,0x00000000ebc80000,0x00000000ebd00000)
 ParOldGen       total 68608K, used 62897K [0x00000000c0000000, 0x00000000c4300000, 0x00000000eab00000)
  object space 68608K, 91% used [0x00000000c0000000,0x00000000c3d6c5f8,0x00000000c4300000)
 Metaspace       used 60354K, committed 61440K, reserved 1114112K
  class space    used 6522K, committed 6976K, reserved 1048576K

Card table byte_map: [0x00000190fb8d0000,0x00000190fbae0000] _byte_map_base: 0x00000190fb2d0000

Marking Bits: (ParMarkBitMap*) 0x00007ffaff79d7d0
 Begin Bits: [0x000001908f000000, 0x0000019090000000)
 End Bits:   [0x0000019090000000, 0x0000019091000000)

Polling page: 0x00000190fb690000

Metaspace:

Usage:
  Non-class:     52.57 MB used.
      Class:      6.37 MB used.
       Both:     58.94 MB used.

Virtual space:
  Non-class space:       64.00 MB reserved,      53.19 MB ( 83%) committed,  1 nodes.
      Class space:        1.00 GB reserved,       6.81 MB ( <1%) committed,  1 nodes.
             Both:        1.06 GB reserved,      60.00 MB (  6%) committed. 

Chunk freelists:
   Non-Class:  10.20 MB
       Class:  9.14 MB
        Both:  19.34 MB

MaxMetaspaceSize: unlimited
CompressedClassSpaceSize: 1.00 GB
Initial GC threshold: 21.00 MB
Current GC threshold: 97.31 MB
CDS: off
MetaspaceReclaimPolicy: balanced
 - commit_granule_bytes: 65536.
 - commit_granule_words: 8192.
 - virtual_space_node_default_size: 8388608.
 - enlarge_chunks_in_place: 1.
 - new_chunks_are_fully_committed: 0.
 - uncommit_free_chunks: 1.
 - use_allocation_guard: 0.
 - handle_deallocations: 1.


Internal statistics:

num_allocs_failed_limit: 9.
num_arena_births: 770.
num_arena_deaths: 14.
num_vsnodes_births: 2.
num_vsnodes_deaths: 0.
num_space_committed: 960.
num_space_uncommitted: 0.
num_chunks_returned_to_freelist: 23.
num_chunks_taken_from_freelist: 2997.
num_chunk_merges: 14.
num_chunk_splits: 1862.
num_chunks_enlarged: 1055.
num_inconsistent_stats: 0.

CodeHeap 'non-profiled nmethods': size=120000Kb used=4331Kb max_used=4331Kb free=115668Kb
 bounds [0x0000019087ad0000, 0x0000019087f30000, 0x000001908f000000]
CodeHeap 'profiled nmethods': size=120000Kb used=13592Kb max_used=15607Kb free=106408Kb
 bounds [0x0000019080000000, 0x0000019080f40000, 0x0000019087530000]
CodeHeap 'non-nmethods': size=5760Kb used=1351Kb max_used=1442Kb free=4408Kb
 bounds [0x0000019087530000, 0x00000190877a0000, 0x0000019087ad0000]
 total_blobs=7847 nmethods=7165 adapters=596
 compilation: enabled
              stopped_count=0, restarted_count=0
 full_count=0

Compilation events (20 events):
Event: 51.880 Thread 0x00000190ff83e270 nmethod 8996 0x00000190801fd790 code [0x00000190801fd920, 0x00000190801fda38]
Event: 51.881 Thread 0x00000190ff83e270 8994   !   3       com.google.inject.internal.InjectorImpl::getBinding (54 bytes)
Event: 51.881 Thread 0x00000190ff83e270 nmethod 8994 0x0000019080409c10 code [0x0000019080409ea0, 0x000001908040a9e8]
Event: 51.881 Thread 0x00000190ff83e270 8998       3       com.google.inject.internal.ConstructionContext::removeCurrentReference (6 bytes)
Event: 51.881 Thread 0x00000190ff83e270 nmethod 8998 0x0000019080252010 code [0x00000190802521a0, 0x00000190802522b8]
Event: 51.881 Thread 0x00000190ff83e270 8992       3       com.google.inject.internal.InjectorImpl$1::<init> (20 bytes)
Event: 51.881 Thread 0x00000190ff83e270 nmethod 8992 0x000001908020ee90 code [0x000001908020f020, 0x000001908020f1d8]
Event: 51.882 Thread 0x00000190ff83e270 9002       3       com.google.common.collect.ImmutableSet::copyOf (76 bytes)
Event: 51.882 Thread 0x00000190ff83e270 nmethod 9002 0x00000190802dc210 code [0x00000190802dc4c0, 0x00000190802dd458]
Event: 51.882 Thread 0x00000190ff83e270 9001       3       com.google.common.collect.MapMakerInternalMap::rehash (49 bytes)
Event: 51.882 Thread 0x00000190ff83e270 nmethod 9001 0x00000190802d0690 code [0x00000190802d0820, 0x00000190802d0958]
Event: 51.882 Thread 0x00000190ff83e270 9003       3       com.google.common.collect.MapMakerInternalMap$Segment::postReadCleanup (18 bytes)
Event: 51.882 Thread 0x00000190ff83e270 nmethod 9003 0x0000019080277590 code [0x0000019080277740, 0x0000019080277a58]
Event: 51.882 Thread 0x00000190ff83e270 9000   !   3       com.google.inject.internal.FactoryProxy::get (29 bytes)
Event: 51.883 Thread 0x00000190ff83e270 nmethod 9000 0x0000019080285c90 code [0x0000019080285e40, 0x0000019080286118]
Event: 51.883 Thread 0x00000190ff83e270 9004       3       com.google.common.collect.TransformedIterator::next (14 bytes)
Event: 51.883 Thread 0x00000190ff83e270 nmethod 9004 0x00000190801f8810 code [0x00000190801f89c0, 0x00000190801f8c58]
Event: 51.883 Thread 0x00000190ff83e270 8999       1       com.google.inject.spi.ProviderLookup::access$000 (5 bytes)
Event: 51.883 Thread 0x00000190ff83e270 nmethod 8999 0x0000019087dcb590 code [0x0000019087dcb720, 0x0000019087dcb7d8]
Event: 51.883 Thread 0x00000190ff83e270 9007       3       com.google.common.collect.LinkedHashMultimap$ValueSet::add (144 bytes)

GC Heap History (20 events):
Event: 41.064 GC heap before
{Heap before GC invocations=74 (full 3):
 PSYoungGen      total 17408K, used 17376K [0x00000000eab00000, 0x00000000ebe00000, 0x0000000100000000)
  eden space 16896K, 100% used [0x00000000eab00000,0x00000000ebb80000,0x00000000ebb80000)
  from space 512K, 93% used [0x00000000ebd80000,0x00000000ebdf8000,0x00000000ebe00000)
  to   space 1024K, 0% used [0x00000000ebc00000,0x00000000ebc00000,0x00000000ebd00000)
 ParOldGen       total 68608K, used 60244K [0x00000000c0000000, 0x00000000c4300000, 0x00000000eab00000)
  object space 68608K, 87% used [0x00000000c0000000,0x00000000c3ad50b8,0x00000000c4300000)
 Metaspace       used 59693K, committed 60736K, reserved 1114112K
  class space    used 6449K, committed 6912K, reserved 1048576K
}
Event: 41.065 GC heap after
{Heap after GC invocations=74 (full 3):
 PSYoungGen      total 17920K, used 480K [0x00000000eab00000, 0x00000000ebe00000, 0x0000000100000000)
  eden space 16896K, 0% used [0x00000000eab00000,0x00000000eab00000,0x00000000ebb80000)
  from space 1024K, 46% used [0x00000000ebc00000,0x00000000ebc78000,0x00000000ebd00000)
  to   space 512K, 0% used [0x00000000ebd80000,0x00000000ebd80000,0x00000000ebe00000)
 ParOldGen       total 68608K, used 60644K [0x00000000c0000000, 0x00000000c4300000, 0x00000000eab00000)
  object space 68608K, 88% used [0x00000000c0000000,0x00000000c3b390b8,0x00000000c4300000)
 Metaspace       used 59693K, committed 60736K, reserved 1114112K
  class space    used 6449K, committed 6912K, reserved 1048576K
}
Event: 42.006 GC heap before
{Heap before GC invocations=75 (full 3):
 PSYoungGen      total 17920K, used 17376K [0x00000000eab00000, 0x00000000ebe00000, 0x0000000100000000)
  eden space 16896K, 100% used [0x00000000eab00000,0x00000000ebb80000,0x00000000ebb80000)
  from space 1024K, 46% used [0x00000000ebc00000,0x00000000ebc78000,0x00000000ebd00000)
  to   space 512K, 0% used [0x00000000ebd80000,0x00000000ebd80000,0x00000000ebe00000)
 ParOldGen       total 68608K, used 60644K [0x00000000c0000000, 0x00000000c4300000, 0x00000000eab00000)
  object space 68608K, 88% used [0x00000000c0000000,0x00000000c3b390b8,0x00000000c4300000)
 Metaspace       used 59693K, committed 60736K, reserved 1114112K
  class space    used 6449K, committed 6912K, reserved 1048576K
}
Event: 42.007 GC heap after
{Heap after GC invocations=75 (full 3):
 PSYoungGen      total 17408K, used 512K [0x00000000eab00000, 0x00000000ebe00000, 0x0000000100000000)
  eden space 16896K, 0% used [0x00000000eab00000,0x00000000eab00000,0x00000000ebb80000)
  from space 512K, 100% used [0x00000000ebd80000,0x00000000ebe00000,0x00000000ebe00000)
  to   space 1024K, 0% used [0x00000000ebc00000,0x00000000ebc00000,0x00000000ebd00000)
 ParOldGen       total 68608K, used 61028K [0x00000000c0000000, 0x00000000c4300000, 0x00000000eab00000)
  object space 68608K, 88% used [0x00000000c0000000,0x00000000c3b990b8,0x00000000c4300000)
 Metaspace       used 59693K, committed 60736K, reserved 1114112K
  class space    used 6449K, committed 6912K, reserved 1048576K
}
Event: 43.043 GC heap before
{Heap before GC invocations=76 (full 3):
 PSYoungGen      total 17408K, used 17408K [0x00000000eab00000, 0x00000000ebe00000, 0x0000000100000000)
  eden space 16896K, 100% used [0x00000000eab00000,0x00000000ebb80000,0x00000000ebb80000)
  from space 512K, 100% used [0x00000000ebd80000,0x00000000ebe00000,0x00000000ebe00000)
  to   space 1024K, 0% used [0x00000000ebc00000,0x00000000ebc00000,0x00000000ebd00000)
 ParOldGen       total 68608K, used 61028K [0x00000000c0000000, 0x00000000c4300000, 0x00000000eab00000)
  object space 68608K, 88% used [0x00000000c0000000,0x00000000c3b990b8,0x00000000c4300000)
 Metaspace       used 59693K, committed 60736K, reserved 1114112K
  class space    used 6449K, committed 6912K, reserved 1048576K
}
Event: 43.044 GC heap after
{Heap after GC invocations=76 (full 3):
 PSYoungGen      total 17920K, used 576K [0x00000000eab00000, 0x00000000ebe00000, 0x0000000100000000)
  eden space 16896K, 0% used [0x00000000eab00000,0x00000000eab00000,0x00000000ebb80000)
  from space 1024K, 56% used [0x00000000ebc00000,0x00000000ebc90000,0x00000000ebd00000)
  to   space 1024K, 0% used [0x00000000ebd00000,0x00000000ebd00000,0x00000000ebe00000)
 ParOldGen       total 68608K, used 61364K [0x00000000c0000000, 0x00000000c4300000, 0x00000000eab00000)
  object space 68608K, 89% used [0x00000000c0000000,0x00000000c3bed0b8,0x00000000c4300000)
 Metaspace       used 59693K, committed 60736K, reserved 1114112K
  class space    used 6449K, committed 6912K, reserved 1048576K
}
Event: 44.047 GC heap before
{Heap before GC invocations=77 (full 3):
 PSYoungGen      total 17920K, used 17472K [0x00000000eab00000, 0x00000000ebe00000, 0x0000000100000000)
  eden space 16896K, 100% used [0x00000000eab00000,0x00000000ebb80000,0x00000000ebb80000)
  from space 1024K, 56% used [0x00000000ebc00000,0x00000000ebc90000,0x00000000ebd00000)
  to   space 1024K, 0% used [0x00000000ebd00000,0x00000000ebd00000,0x00000000ebe00000)
 ParOldGen       total 68608K, used 61364K [0x00000000c0000000, 0x00000000c4300000, 0x00000000eab00000)
  object space 68608K, 89% used [0x00000000c0000000,0x00000000c3bed0b8,0x00000000c4300000)
 Metaspace       used 59693K, committed 60736K, reserved 1114112K
  class space    used 6449K, committed 6912K, reserved 1048576K
}
Event: 44.048 GC heap after
{Heap after GC invocations=77 (full 3):
 PSYoungGen      total 17408K, used 496K [0x00000000eab00000, 0x00000000ebd80000, 0x0000000100000000)
  eden space 16896K, 0% used [0x00000000eab00000,0x00000000eab00000,0x00000000ebb80000)
  from space 512K, 96% used [0x00000000ebd00000,0x00000000ebd7c120,0x00000000ebd80000)
  to   space 1024K, 0% used [0x00000000ebb80000,0x00000000ebb80000,0x00000000ebc80000)
 ParOldGen       total 68608K, used 61780K [0x00000000c0000000, 0x00000000c4300000, 0x00000000eab00000)
  object space 68608K, 90% used [0x00000000c0000000,0x00000000c3c550b8,0x00000000c4300000)
 Metaspace       used 59693K, committed 60736K, reserved 1114112K
  class space    used 6449K, committed 6912K, reserved 1048576K
}
Event: 44.959 GC heap before
{Heap before GC invocations=78 (full 3):
 PSYoungGen      total 17408K, used 17392K [0x00000000eab00000, 0x00000000ebd80000, 0x0000000100000000)
  eden space 16896K, 100% used [0x00000000eab00000,0x00000000ebb80000,0x00000000ebb80000)
  from space 512K, 96% used [0x00000000ebd00000,0x00000000ebd7c120,0x00000000ebd80000)
  to   space 1024K, 0% used [0x00000000ebb80000,0x00000000ebb80000,0x00000000ebc80000)
 ParOldGen       total 68608K, used 61780K [0x00000000c0000000, 0x00000000c4300000, 0x00000000eab00000)
  object space 68608K, 90% used [0x00000000c0000000,0x00000000c3c550b8,0x00000000c4300000)
 Metaspace       used 59693K, committed 60736K, reserved 1114112K
  class space    used 6449K, committed 6912K, reserved 1048576K
}
Event: 44.960 GC heap after
{Heap after GC invocations=78 (full 3):
 PSYoungGen      total 17920K, used 416K [0x00000000eab00000, 0x00000000ebd80000, 0x0000000100000000)
  eden space 16896K, 0% used [0x00000000eab00000,0x00000000eab00000,0x00000000ebb80000)
  from space 1024K, 40% used [0x00000000ebb80000,0x00000000ebbe8000,0x00000000ebc80000)
  to   space 512K, 0% used [0x00000000ebd00000,0x00000000ebd00000,0x00000000ebd80000)
 ParOldGen       total 68608K, used 62140K [0x00000000c0000000, 0x00000000c4300000, 0x00000000eab00000)
  object space 68608K, 90% used [0x00000000c0000000,0x00000000c3caf1d8,0x00000000c4300000)
 Metaspace       used 59693K, committed 60736K, reserved 1114112K
  class space    used 6449K, committed 6912K, reserved 1048576K
}
Event: 46.036 GC heap before
{Heap before GC invocations=79 (full 3):
 PSYoungGen      total 17920K, used 17312K [0x00000000eab00000, 0x00000000ebd80000, 0x0000000100000000)
  eden space 16896K, 100% used [0x00000000eab00000,0x00000000ebb80000,0x00000000ebb80000)
  from space 1024K, 40% used [0x00000000ebb80000,0x00000000ebbe8000,0x00000000ebc80000)
  to   space 512K, 0% used [0x00000000ebd00000,0x00000000ebd00000,0x00000000ebd80000)
 ParOldGen       total 68608K, used 62140K [0x00000000c0000000, 0x00000000c4300000, 0x00000000eab00000)
  object space 68608K, 90% used [0x00000000c0000000,0x00000000c3caf1d8,0x00000000c4300000)
 Metaspace       used 59693K, committed 60736K, reserved 1114112K
  class space    used 6449K, committed 6912K, reserved 1048576K
}
Event: 46.037 GC heap after
{Heap after GC invocations=79 (full 3):
 PSYoungGen      total 17408K, used 440K [0x00000000eab00000, 0x00000000ebd80000, 0x0000000100000000)
  eden space 16896K, 0% used [0x00000000eab00000,0x00000000eab00000,0x00000000ebb80000)
  from space 512K, 86% used [0x00000000ebd00000,0x00000000ebd6e1a8,0x00000000ebd80000)
  to   space 512K, 0% used [0x00000000ebc80000,0x00000000ebc80000,0x00000000ebd00000)
 ParOldGen       total 68608K, used 62468K [0x00000000c0000000, 0x00000000c4300000, 0x00000000eab00000)
  object space 68608K, 91% used [0x00000000c0000000,0x00000000c3d011d8,0x00000000c4300000)
 Metaspace       used 59693K, committed 60736K, reserved 1114112K
  class space    used 6449K, committed 6912K, reserved 1048576K
}
Event: 47.242 GC heap before
{Heap before GC invocations=80 (full 3):
 PSYoungGen      total 17408K, used 17336K [0x00000000eab00000, 0x00000000ebd80000, 0x0000000100000000)
  eden space 16896K, 100% used [0x00000000eab00000,0x00000000ebb80000,0x00000000ebb80000)
  from space 512K, 86% used [0x00000000ebd00000,0x00000000ebd6e1a8,0x00000000ebd80000)
  to   space 512K, 0% used [0x00000000ebc80000,0x00000000ebc80000,0x00000000ebd00000)
 ParOldGen       total 68608K, used 62468K [0x00000000c0000000, 0x00000000c4300000, 0x00000000eab00000)
  object space 68608K, 91% used [0x00000000c0000000,0x00000000c3d011d8,0x00000000c4300000)
 Metaspace       used 59693K, committed 60736K, reserved 1114112K
  class space    used 6449K, committed 6912K, reserved 1048576K
}
Event: 47.243 GC heap after
{Heap after GC invocations=80 (full 3):
 PSYoungGen      total 17408K, used 416K [0x00000000eab00000, 0x00000000ebd80000, 0x0000000100000000)
  eden space 16896K, 0% used [0x00000000eab00000,0x00000000eab00000,0x00000000ebb80000)
  from space 512K, 81% used [0x00000000ebc80000,0x00000000ebce8000,0x00000000ebd00000)
  to   space 512K, 0% used [0x00000000ebd00000,0x00000000ebd00000,0x00000000ebd80000)
 ParOldGen       total 68608K, used 62804K [0x00000000c0000000, 0x00000000c4300000, 0x00000000eab00000)
  object space 68608K, 91% used [0x00000000c0000000,0x00000000c3d55380,0x00000000c4300000)
 Metaspace       used 59693K, committed 60736K, reserved 1114112K
  class space    used 6449K, committed 6912K, reserved 1048576K
}
Event: 48.969 GC heap before
{Heap before GC invocations=81 (full 3):
 PSYoungGen      total 17408K, used 17312K [0x00000000eab00000, 0x00000000ebd80000, 0x0000000100000000)
  eden space 16896K, 100% used [0x00000000eab00000,0x00000000ebb80000,0x00000000ebb80000)
  from space 512K, 81% used [0x00000000ebc80000,0x00000000ebce8000,0x00000000ebd00000)
  to   space 512K, 0% used [0x00000000ebd00000,0x00000000ebd00000,0x00000000ebd80000)
 ParOldGen       total 68608K, used 62804K [0x00000000c0000000, 0x00000000c4300000, 0x00000000eab00000)
  object space 68608K, 91% used [0x00000000c0000000,0x00000000c3d55380,0x00000000c4300000)
 Metaspace       used 59693K, committed 60736K, reserved 1114112K
  class space    used 6449K, committed 6912K, reserved 1048576K
}
Event: 48.970 GC heap after
{Heap after GC invocations=81 (full 3):
 PSYoungGen      total 17408K, used 388K [0x00000000eab00000, 0x00000000ebd80000, 0x0000000100000000)
  eden space 16896K, 0% used [0x00000000eab00000,0x00000000eab00000,0x00000000ebb80000)
  from space 512K, 75% used [0x00000000ebd00000,0x00000000ebd61278,0x00000000ebd80000)
  to   space 512K, 0% used [0x00000000ebc80000,0x00000000ebc80000,0x00000000ebd00000)
 ParOldGen       total 68608K, used 62860K [0x00000000c0000000, 0x00000000c4300000, 0x00000000eab00000)
  object space 68608K, 91% used [0x00000000c0000000,0x00000000c3d63380,0x00000000c4300000)
 Metaspace       used 59693K, committed 60736K, reserved 1114112K
  class space    used 6449K, committed 6912K, reserved 1048576K
}
Event: 50.248 GC heap before
{Heap before GC invocations=82 (full 3):
 PSYoungGen      total 17408K, used 17284K [0x00000000eab00000, 0x00000000ebd80000, 0x0000000100000000)
  eden space 16896K, 100% used [0x00000000eab00000,0x00000000ebb80000,0x00000000ebb80000)
  from space 512K, 75% used [0x00000000ebd00000,0x00000000ebd61278,0x00000000ebd80000)
  to   space 512K, 0% used [0x00000000ebc80000,0x00000000ebc80000,0x00000000ebd00000)
 ParOldGen       total 68608K, used 62860K [0x00000000c0000000, 0x00000000c4300000, 0x00000000eab00000)
  object space 68608K, 91% used [0x00000000c0000000,0x00000000c3d63380,0x00000000c4300000)
 Metaspace       used 59693K, committed 60736K, reserved 1114112K
  class space    used 6449K, committed 6912K, reserved 1048576K
}
Event: 50.249 GC heap after
{Heap after GC invocations=82 (full 3):
 PSYoungGen      total 17408K, used 320K [0x00000000eab00000, 0x00000000ebd80000, 0x0000000100000000)
  eden space 16896K, 0% used [0x00000000eab00000,0x00000000eab00000,0x00000000ebb80000)
  from space 512K, 62% used [0x00000000ebc80000,0x00000000ebcd0000,0x00000000ebd00000)
  to   space 512K, 0% used [0x00000000ebd00000,0x00000000ebd00000,0x00000000ebd80000)
 ParOldGen       total 68608K, used 62897K [0x00000000c0000000, 0x00000000c4300000, 0x00000000eab00000)
  object space 68608K, 91% used [0x00000000c0000000,0x00000000c3d6c5f8,0x00000000c4300000)
 Metaspace       used 59693K, committed 60736K, reserved 1114112K
  class space    used 6449K, committed 6912K, reserved 1048576K
}
Event: 51.582 GC heap before
{Heap before GC invocations=83 (full 3):
 PSYoungGen      total 17408K, used 17216K [0x00000000eab00000, 0x00000000ebd80000, 0x0000000100000000)
  eden space 16896K, 100% used [0x00000000eab00000,0x00000000ebb80000,0x00000000ebb80000)
  from space 512K, 62% used [0x00000000ebc80000,0x00000000ebcd0000,0x00000000ebd00000)
  to   space 512K, 0% used [0x00000000ebd00000,0x00000000ebd00000,0x00000000ebd80000)
 ParOldGen       total 68608K, used 62897K [0x00000000c0000000, 0x00000000c4300000, 0x00000000eab00000)
  object space 68608K, 91% used [0x00000000c0000000,0x00000000c3d6c5f8,0x00000000c4300000)
 Metaspace       used 59693K, committed 60736K, reserved 1114112K
  class space    used 6449K, committed 6912K, reserved 1048576K
}
Event: 51.582 GC heap after
{Heap after GC invocations=83 (full 3):
 PSYoungGen      total 17408K, used 320K [0x00000000eab00000, 0x00000000ebd80000, 0x0000000100000000)
  eden space 16896K, 0% used [0x00000000eab00000,0x00000000eab00000,0x00000000ebb80000)
  from space 512K, 62% used [0x00000000ebd00000,0x00000000ebd50000,0x00000000ebd80000)
  to   space 512K, 0% used [0x00000000ebc80000,0x00000000ebc80000,0x00000000ebd00000)
 ParOldGen       total 68608K, used 62897K [0x00000000c0000000, 0x00000000c4300000, 0x00000000eab00000)
  object space 68608K, 91% used [0x00000000c0000000,0x00000000c3d6c5f8,0x00000000c4300000)
 Metaspace       used 59693K, committed 60736K, reserved 1114112K
  class space    used 6449K, committed 6912K, reserved 1048576K
}

Dll operation events (12 events):
Event: 0.014 Loaded shared library c:\Users\paulohenrique\.vscode\extensions\redhat.java-1.30.0-win32-x64\jre\17.0.10-win32-x86_64\bin\java.dll
Event: 0.160 Loaded shared library c:\Users\paulohenrique\.vscode\extensions\redhat.java-1.30.0-win32-x64\jre\17.0.10-win32-x86_64\bin\zip.dll
Event: 0.164 Loaded shared library C:\Users\paulohenrique\.vscode\extensions\redhat.java-1.30.0-win32-x64\jre\17.0.10-win32-x86_64\bin\instrument.dll
Event: 0.182 Loaded shared library C:\Users\paulohenrique\.vscode\extensions\redhat.java-1.30.0-win32-x64\jre\17.0.10-win32-x86_64\bin\net.dll
Event: 0.189 Loaded shared library C:\Users\paulohenrique\.vscode\extensions\redhat.java-1.30.0-win32-x64\jre\17.0.10-win32-x86_64\bin\nio.dll
Event: 0.202 Loaded shared library C:\Users\paulohenrique\.vscode\extensions\redhat.java-1.30.0-win32-x64\jre\17.0.10-win32-x86_64\bin\zip.dll
Event: 0.220 Loaded shared library C:\Users\paulohenrique\.vscode\extensions\redhat.java-1.30.0-win32-x64\jre\17.0.10-win32-x86_64\bin\jimage.dll
Event: 0.296 Loaded shared library c:\Users\paulohenrique\.vscode\extensions\redhat.java-1.30.0-win32-x64\jre\17.0.10-win32-x86_64\bin\verify.dll
Event: 1.718 Loaded shared library C:\Users\paulohenrique\AppData\Roaming\Code\User\globalStorage\redhat.java\1.30.0\config_win\org.eclipse.equinox.launcher\org.eclipse.equinox.launcher.win32.win32.x86_64_1.2.900.v20240213-1244\eclipse_11900.dll
Event: 4.614 Loaded shared library C:\Users\paulohenrique\AppData\Local\Temp\jna-2102175456\jna13247369528448383245.dll
Event: 5.278 Loaded shared library C:\Users\paulohenrique\.vscode\extensions\redhat.java-1.30.0-win32-x64\jre\17.0.10-win32-x86_64\bin\sunmscapi.dll
Event: 5.470 Loaded shared library C:\Users\paulohenrique\.vscode\extensions\redhat.java-1.30.0-win32-x64\jre\17.0.10-win32-x86_64\bin\extnet.dll

Deoptimization events (20 events):
Event: 51.820 Thread 0x000001909a9b2f00 Uncommon trap: trap_request=0xffffff45 fr.pc=0x0000019087e0eefc relative=0x000000000000195c
Event: 51.820 Thread 0x000001909a9b2f00 Uncommon trap: reason=unstable_if action=reinterpret pc=0x0000019087e0eefc method=org.eclipse.core.internal.resources.AliasManager.hasNoAliases(Lorg/eclipse/core/resources/IResource;)Z @ 17 c2
Event: 51.820 Thread 0x000001909a9b2f00 DEOPT PACKING pc=0x0000019087e0eefc sp=0x0000001fec5fe590
Event: 51.820 Thread 0x000001909a9b2f00 DEOPT UNPACKING pc=0x00000190875866a3 sp=0x0000001fec5fe610 mode 2
Event: 51.823 Thread 0x000001909a9b2f00 Uncommon trap: trap_request=0xffffff45 fr.pc=0x0000019087db82f8 relative=0x0000000000000078
Event: 51.823 Thread 0x000001909a9b2f00 Uncommon trap: reason=unstable_if action=reinterpret pc=0x0000019087db82f8 method=org.eclipse.core.filesystem.provider.FileInfo.getAttribute(I)Z @ 2 c2
Event: 51.823 Thread 0x000001909a9b2f00 DEOPT PACKING pc=0x0000019087db82f8 sp=0x0000001fec5fe580
Event: 51.823 Thread 0x000001909a9b2f00 DEOPT UNPACKING pc=0x00000190875866a3 sp=0x0000001fec5fe518 mode 2
Event: 51.827 Thread 0x000001909a9b2f00 Uncommon trap: trap_request=0xffffffc6 fr.pc=0x0000019087c1b720 relative=0x00000000000008a0
Event: 51.827 Thread 0x000001909a9b2f00 Uncommon trap: reason=bimorphic_or_optimized_type_check action=maybe_recompile pc=0x0000019087c1b720 method=org.eclipse.core.internal.dtree.DeltaDataTree.getChildNodes(Lorg/eclipse/core/runtime/IPath;)[Lorg/eclipse/core/internal/dtree/AbstractDataTreeNode
Event: 51.827 Thread 0x000001909a9b2f00 DEOPT PACKING pc=0x0000019087c1b720 sp=0x0000001fec5fe4a0
Event: 51.827 Thread 0x000001909a9b2f00 DEOPT UNPACKING pc=0x00000190875866a3 sp=0x0000001fec5fe3f8 mode 2
Event: 51.831 Thread 0x000001909a9b2f00 Uncommon trap: trap_request=0xffffffc6 fr.pc=0x0000019087c1b720 relative=0x00000000000008a0
Event: 51.831 Thread 0x000001909a9b2f00 Uncommon trap: reason=bimorphic_or_optimized_type_check action=maybe_recompile pc=0x0000019087c1b720 method=org.eclipse.core.internal.dtree.DeltaDataTree.getChildNodes(Lorg/eclipse/core/runtime/IPath;)[Lorg/eclipse/core/internal/dtree/AbstractDataTreeNode
Event: 51.831 Thread 0x000001909a9b2f00 DEOPT PACKING pc=0x0000019087c1b720 sp=0x0000001fec5fe030
Event: 51.831 Thread 0x000001909a9b2f00 DEOPT UNPACKING pc=0x00000190875866a3 sp=0x0000001fec5fdf88 mode 2
Event: 51.842 Thread 0x000001909a9b2f00 Uncommon trap: trap_request=0xffffffde fr.pc=0x0000019087e1ad9c relative=0x000000000000021c
Event: 51.842 Thread 0x000001909a9b2f00 Uncommon trap: reason=class_check action=maybe_recompile pc=0x0000019087e1ad9c method=org.eclipse.core.runtime.ProgressMonitorWrapper.isCanceled()Z @ 4 c2
Event: 51.842 Thread 0x000001909a9b2f00 DEOPT PACKING pc=0x0000019087e1ad9c sp=0x0000001fec5fe220
Event: 51.842 Thread 0x000001909a9b2f00 DEOPT UNPACKING pc=0x00000190875866a3 sp=0x0000001fec5fe200 mode 2

Classes unloaded (7 events):
Event: 4.364 Thread 0x00000190fbf8ed00 Unloading class 0x0000000100260000 'java/lang/invoke/LambdaForm$MH+0x0000000100260000'
Event: 4.364 Thread 0x00000190fbf8ed00 Unloading class 0x000000010025fc00 'java/lang/invoke/LambdaForm$MH+0x000000010025fc00'
Event: 4.364 Thread 0x00000190fbf8ed00 Unloading class 0x000000010025f800 'java/lang/invoke/LambdaForm$MH+0x000000010025f800'
Event: 4.364 Thread 0x00000190fbf8ed00 Unloading class 0x000000010025f400 'java/lang/invoke/LambdaForm$MH+0x000000010025f400'
Event: 4.364 Thread 0x00000190fbf8ed00 Unloading class 0x000000010025f000 'java/lang/invoke/LambdaForm$BMH+0x000000010025f000'
Event: 4.364 Thread 0x00000190fbf8ed00 Unloading class 0x000000010025ec00 'java/lang/invoke/LambdaForm$DMH+0x000000010025ec00'
Event: 4.364 Thread 0x00000190fbf8ed00 Unloading class 0x000000010025c400 'java/lang/invoke/LambdaForm$DMH+0x000000010025c400'

Classes redefined (0 events):
No events

Internal exceptions (20 events):
Event: 8.326 Thread 0x000001909a9b2f00 Exception <a 'sun/nio/fs/WindowsException'{0x00000000eae439b0}> (0x00000000eae439b0) 
thrown [s\src\hotspot\share\prims\jni.cpp, line 516]
Event: 8.331 Thread 0x000001909a9b2f00 Exception <a 'sun/nio/fs/WindowsException'{0x00000000eae4e2f0}> (0x00000000eae4e2f0) 
thrown [s\src\hotspot\share\prims\jni.cpp, line 516]
Event: 8.331 Thread 0x000001909a9b2f00 Exception <a 'sun/nio/fs/WindowsException'{0x00000000eae503d8}> (0x00000000eae503d8) 
thrown [s\src\hotspot\share\prims\jni.cpp, line 516]
Event: 8.340 Thread 0x000001909a9b2f00 Exception <a 'sun/nio/fs/WindowsException'{0x00000000eae7fbb0}> (0x00000000eae7fbb0) 
thrown [s\src\hotspot\share\prims\jni.cpp, line 516]
Event: 8.348 Thread 0x000001909a9b2f00 Exception <a 'sun/nio/fs/WindowsException'{0x00000000eae91810}> (0x00000000eae91810) 
thrown [s\src\hotspot\share\prims\jni.cpp, line 516]
Event: 30.724 Thread 0x000001909a9b2f00 Implicit null exception at 0x0000019087de2ef3 to 0x0000019087de46e0
Event: 31.065 Thread 0x000001909a9b2f00 Exception <a 'java/io/FileNotFoundException'{0x00000000eb50d0b8}> (0x00000000eb50d0b8) 
thrown [s\src\hotspot\share\prims\jni.cpp, line 516]
Event: 31.071 Thread 0x000001909a9b2f00 Exception <a 'java/io/FileNotFoundException'{0x00000000eb5db4b0}> (0x00000000eb5db4b0) 
thrown [s\src\hotspot\share\prims\jni.cpp, line 516]
Event: 31.071 Thread 0x000001909a9b2f00 Exception <a 'java/io/FileNotFoundException'{0x00000000eb5dc7d0}> (0x00000000eb5dc7d0) 
thrown [s\src\hotspot\share\prims\jni.cpp, line 516]
Event: 31.072 Thread 0x000001909a9b2f00 Exception <a 'java/io/FileNotFoundException'{0x00000000eb5dd840}> (0x00000000eb5dd840) 
thrown [s\src\hotspot\share\prims\jni.cpp, line 516]
Event: 51.796 Thread 0x000001909a9b2f00 Exception <a 'sun/nio/fs/WindowsException'{0x00000000eae9a100}> (0x00000000eae9a100) 
thrown [s\src\hotspot\share\prims\jni.cpp, line 516]
Event: 51.796 Thread 0x000001909a9b2f00 Implicit null exception at 0x0000019087f02189 to 0x0000019087f08a9c
Event: 51.804 Thread 0x000001909a9b2f00 Exception <a 'sun/nio/fs/WindowsException'{0x00000000eaeae878}> (0x00000000eaeae878) 
thrown [s\src\hotspot\share\prims\jni.cpp, line 516]
Event: 51.808 Thread 0x000001909a9b2f00 Implicit null exception at 0x0000019087cdb9b0 to 0x0000019087cdb9f0
Event: 51.813 Thread 0x000001909a9b2f00 Exception <a 'sun/nio/fs/WindowsException'{0x00000000eaedb040}> (0x00000000eaedb040) 
thrown [s\src\hotspot\share\prims\jni.cpp, line 516]
Event: 51.815 Thread 0x000001909a9b2f00 Exception <a 'sun/nio/fs/WindowsException'{0x00000000eaee1e20}> (0x00000000eaee1e20) 
thrown [s\src\hotspot\share\prims\jni.cpp, line 516]
Event: 51.817 Thread 0x000001909a9b2f00 Exception <a 'sun/nio/fs/WindowsException'{0x00000000eaee8358}> (0x00000000eaee8358) 
thrown [s\src\hotspot\share\prims\jni.cpp, line 516]
Event: 51.818 Thread 0x000001909a9b2f00 Exception <a 'sun/nio/fs/WindowsException'{0x00000000eaeef5f0}> (0x00000000eaeef5f0) 
thrown [s\src\hotspot\share\prims\jni.cpp, line 516]
Event: 51.822 Thread 0x000001909a9b2f00 Exception <a 'sun/nio/fs/WindowsException'{0x00000000eaf18fc8}> (0x00000000eaf18fc8) 
thrown [s\src\hotspot\share\prims\jni.cpp, line 516]
Event: 51.842 Thread 0x000001909a9b2f00 Exception <a 'sun/nio/fs/WindowsException'{0x00000000eafa13a8}> (0x00000000eafa13a8) 
thrown [s\src\hotspot\share\prims\jni.cpp, line 516]

VM Operations (20 events):
Event: 41.064 Executing VM operation: ParallelGCFailedAllocation
Event: 41.065 Executing VM operation: ParallelGCFailedAllocation done
Event: 42.006 Executing VM operation: ParallelGCFailedAllocation
Event: 42.007 Executing VM operation: ParallelGCFailedAllocation done
Event: 43.043 Executing VM operation: ParallelGCFailedAllocation
Event: 43.044 Executing VM operation: ParallelGCFailedAllocation done
Event: 44.047 Executing VM operation: ParallelGCFailedAllocation
Event: 44.048 Executing VM operation: ParallelGCFailedAllocation done
Event: 44.959 Executing VM operation: ParallelGCFailedAllocation
Event: 44.960 Executing VM operation: ParallelGCFailedAllocation done
Event: 46.036 Executing VM operation: ParallelGCFailedAllocation
Event: 46.037 Executing VM operation: ParallelGCFailedAllocation done
Event: 47.242 Executing VM operation: ParallelGCFailedAllocation
Event: 47.243 Executing VM operation: ParallelGCFailedAllocation done
Event: 48.969 Executing VM operation: ParallelGCFailedAllocation
Event: 48.970 Executing VM operation: ParallelGCFailedAllocation done
Event: 50.248 Executing VM operation: ParallelGCFailedAllocation
Event: 50.249 Executing VM operation: ParallelGCFailedAllocation done
Event: 51.582 Executing VM operation: ParallelGCFailedAllocation
Event: 51.582 Executing VM operation: ParallelGCFailedAllocation done

Events (20 events):
Event: 31.384 Thread 0x00000190ff83ed60 flushing nmethod 0x0000019080ebfd90
Event: 31.384 Thread 0x00000190ff83ed60 flushing nmethod 0x0000019080ec1e90
Event: 31.384 Thread 0x00000190ff83ed60 flushing nmethod 0x0000019080ec2d10
Event: 31.384 Thread 0x00000190ff83ed60 flushing nmethod 0x0000019080ec3210
Event: 31.384 Thread 0x00000190ff83ed60 flushing nmethod 0x0000019080ec3e10
Event: 31.384 Thread 0x00000190ff83ed60 flushing nmethod 0x0000019080ec5d90
Event: 31.385 Thread 0x00000190ff83ed60 flushing nmethod 0x0000019080f18410
Event: 31.385 Thread 0x00000190ff83ed60 flushing nmethod 0x0000019080f29310
Event: 31.741 Thread 0x00000190971e9eb0 Thread exited: 0x00000190971e9eb0
Event: 31.851 Thread 0x00000190971ea400 Thread exited: 0x00000190971ea400
Event: 51.795 loading class java/util/regex/PatternSyntaxException
Event: 51.795 loading class java/util/regex/PatternSyntaxException done
Event: 51.863 loading class java/util/stream/DistinctOps
Event: 51.864 loading class java/util/stream/DistinctOps done
Event: 51.864 loading class java/util/stream/DistinctOps$1
Event: 51.864 loading class java/util/stream/DistinctOps$1 done
Event: 51.864 loading class java/util/stream/DistinctOps$1$2
Event: 51.864 loading class java/util/stream/DistinctOps$1$2 done
Event: 51.872 Thread 0x00000190971e7980 Thread added: 0x00000190971e7980
Event: 51.872 Thread 0x00000190971eaea0 Thread added: 0x00000190971eaea0


Dynamic libraries:
0x00007ff7cf180000 - 0x00007ff7cf18e000 	c:\Users\paulohenrique\.vscode\extensions\redhat.java-1.30.0-win32-x64\jre\17.0.10-win32-x86_64\bin\java.exe
0x00000190f9bb0000 - 0x00000190f9dc6000 	C:\WINDOWS\SYSTEM32\ntd1l.dll
0x00000190f9700000 - 0x00000190f97c4000 	C:\WINDOWS\System32\kern3l32.dll
0x00007ffbe6cf0000 - 0x00007ffbe6f06000 	C:\WINDOWS\SYSTEM32\ntdll.dll
0x00007ffbe4f50000 - 0x00007ffbe5014000 	C:\WINDOWS\System32\KERNEL32.DLL
0x00007ffbe44e0000 - 0x00007ffbe4887000 	C:\WINDOWS\System32\KERNELBASE.dll
0x00007ffbe3920000 - 0x00007ffbe3c4a000 	C:\Program Files\SentinelOne\Sentinel Agent 23.3.3.264\InProcessClient64.dll
0x00007ffbe50d0000 - 0x00007ffbe5182000 	C:\WINDOWS\System32\ADVAPI32.dll
0x00007ffbe5020000 - 0x00007ffbe50c7000 	C:\WINDOWS\System32\msvcrt.dll
0x00007ffbe6440000 - 0x00007ffbe64e8000 	C:\WINDOWS\System32\sechost.dll
0x00007ffbe4010000 - 0x00007ffbe4038000 	C:\WINDOWS\System32\bcrypt.dll
0x00007ffbe52a0000 - 0x00007ffbe53b5000 	C:\WINDOWS\System32\RPCRT4.dll
0x00007ffbe4900000 - 0x00007ffbe4a11000 	C:\WINDOWS\System32\ucrtbase.dll
0x00007ffbe00d0000 - 0x00007ffbe00e7000 	c:\Users\paulohenrique\.vscode\extensions\redhat.java-1.30.0-win32-x64\jre\17.0.10-win32-x86_64\bin\jli.dll
0x00007ffbe64f0000 - 0x00007ffbe669e000 	C:\WINDOWS\System32\USER32.dll
0x00007ffbe4340000 - 0x00007ffbe4366000 	C:\WINDOWS\System32\win32u.dll
0x00007ffbe4a20000 - 0x00007ffbe4a49000 	C:\WINDOWS\System32\GDI32.dll
0x00007ffbe4040000 - 0x00007ffbe4159000 	C:\WINDOWS\System32\gdi32full.dll
0x00007ffbe42a0000 - 0x00007ffbe433a000 	C:\WINDOWS\System32\msvcp_win.dll
0x00007ffbe00f0000 - 0x00007ffbe010b000 	c:\Users\paulohenrique\.vscode\extensions\redhat.java-1.30.0-win32-x64\jre\17.0.10-win32-x86_64\bin\VCRUNTIME140.dll
0x00007ffbb41d0000 - 0x00007ffbb4463000 	C:\WINDOWS\WinSxS\amd64_microsoft.windows.common-controls_6595b64144ccf1df_6.0.22621.3235_none_270f74e173860f98\COMCTL32.dll
0x00007ffbe3910000 - 0x00007ffbe391a000 	C:\WINDOWS\SYSTEM32\VERSION.dll
0x00007ffbe3900000 - 0x00007ffbe390b000 	C:\WINDOWS\SYSTEM32\FLTLIB.DLL
0x00007ffbe6c10000 - 0x00007ffbe6c41000 	C:\WINDOWS\System32\IMM32.DLL
0x000000006e2a0000 - 0x000000006e312000 	C:\WINDOWS\System32\QIPCAP64.dll
0x00007ffbe5760000 - 0x00007ffbe5fbc000 	C:\WINDOWS\System32\SHELL32.dll
0x00007ffbe2570000 - 0x00007ffbe2669000 	C:\WINDOWS\SYSTEM32\DNSAPI.dll
0x00007ffbe2540000 - 0x00007ffbe256d000 	C:\WINDOWS\SYSTEM32\IPHLPAPI.DLL
0x00007ffbe5600000 - 0x00007ffbe5609000 	C:\WINDOWS\System32\NSI.dll
0x00007ffbd85e0000 - 0x00007ffbd85ec000 	c:\Users\paulohenrique\.vscode\extensions\redhat.java-1.30.0-win32-x64\jre\17.0.10-win32-x86_64\bin\vcruntime140_1.dll
0x00007ffb6bfc0000 - 0x00007ffb6c04d000 	c:\Users\paulohenrique\.vscode\extensions\redhat.java-1.30.0-win32-x64\jre\17.0.10-win32-x86_64\bin\msvcp140.dll
0x00007ffafec00000 - 0x00007ffaff862000 	c:\Users\paulohenrique\.vscode\extensions\redhat.java-1.30.0-win32-x64\jre\17.0.10-win32-x86_64\bin\server\jvm.dll
0x00007ffbe38b0000 - 0x00007ffbe38fd000 	C:\WINDOWS\SYSTEM32\POWRPROF.dll
0x00007ffba9a90000 - 0x00007ffba9a99000 	C:\WINDOWS\SYSTEM32\WSOCK32.dll
0x00007ffbe53d0000 - 0x00007ffbe5441000 	C:\WINDOWS\System32\WS2_32.dll
0x00007ffbd7f50000 - 0x00007ffbd7f84000 	C:\WINDOWS\SYSTEM32\WINMM.dll
0x00007ffbe33a0000 - 0x00007ffbe33b3000 	C:\WINDOWS\SYSTEM32\UMPDC.dll
0x00007ffbe2cc0000 - 0x00007ffbe2cd8000 	C:\WINDOWS\SYSTEM32\kernel.appcore.dll
0x00007ffbd8000000 - 0x00007ffbd800a000 	c:\Users\paulohenrique\.vscode\extensions\redhat.java-1.30.0-win32-x64\jre\17.0.10-win32-x86_64\bin\jimage.dll
0x00007ffbd04f0000 - 0x00007ffbd0723000 	C:\WINDOWS\SYSTEM32\DBGHELP.DLL
0x00007ffbe66a0000 - 0x00007ffbe6a28000 	C:\WINDOWS\System32\combase.dll
0x00007ffbe6b30000 - 0x00007ffbe6c07000 	C:\WINDOWS\System32\OLEAUT32.dll
0x00007ffbcdf50000 - 0x00007ffbcdf82000 	C:\WINDOWS\SYSTEM32\dbgcore.DLL
0x00007ffbe4160000 - 0x00007ffbe41d9000 	C:\WINDOWS\System32\bcryptPrimitives.dll
0x00007ffbd7fd0000 - 0x00007ffbd7fde000 	c:\Users\paulohenrique\.vscode\extensions\redhat.java-1.30.0-win32-x64\jre\17.0.10-win32-x86_64\bin\instrument.dll
0x00007ffbb0430000 - 0x00007ffbb0455000 	c:\Users\paulohenrique\.vscode\extensions\redhat.java-1.30.0-win32-x64\jre\17.0.10-win32-x86_64\bin\java.dll
0x00007ffb67110000 - 0x00007ffb671bd000 	C:\Program Files\SentinelOne\Sentinel Agent 23.3.3.264\SentinelJava64.dll
0x00007ffbe6a50000 - 0x00007ffbe6aae000 	C:\WINDOWS\System32\SHLWAPI.dll
0x00007ffbe4ae0000 - 0x00007ffbe4c85000 	C:\WINDOWS\System32\ole32.dll
0x00007ffba7310000 - 0x00007ffba7328000 	c:\Users\paulohenrique\.vscode\extensions\redhat.java-1.30.0-win32-x64\jre\17.0.10-win32-x86_64\bin\zip.dll
0x00007ffbe19f0000 - 0x00007ffbe22e9000 	C:\WINDOWS\SYSTEM32\windows.storage.dll
0x00007ffbe18b0000 - 0x00007ffbe19ee000 	C:\WINDOWS\SYSTEM32\wintypes.dll
0x0000019096670000 - 0x0000019096763000 	C:\WINDOWS\System32\SHCORE.dll
0x00007ffbe3f40000 - 0x00007ffbe3f61000 	C:\WINDOWS\SYSTEM32\profapi.dll
0x00007ffba4a30000 - 0x00007ffba4a49000 	C:\Users\paulohenrique\.vscode\extensions\redhat.java-1.30.0-win32-x64\jre\17.0.10-win32-x86_64\bin\net.dll
0x00007ffbddbb0000 - 0x00007ffbddce6000 	C:\WINDOWS\SYSTEM32\WINHTTP.dll
0x00007ffbe3190000 - 0x00007ffbe31f9000 	C:\WINDOWS\system32\mswsock.dll
0x00007ffb8f000000 - 0x00007ffb8f016000 	C:\Users\paulohenrique\.vscode\extensions\redhat.java-1.30.0-win32-x64\jre\17.0.10-win32-x86_64\bin\nio.dll
0x00007ffbd7360000 - 0x00007ffbd7370000 	c:\Users\paulohenrique\.vscode\extensions\redhat.java-1.30.0-win32-x64\jre\17.0.10-win32-x86_64\bin\verify.dll
0x00007ffb6cc60000 - 0x00007ffb6cc9e000 	C:\Users\paulohenrique\AppData\Roaming\Code\User\globalStorage\redhat.java\1.30.0\config_win\org.eclipse.equinox.launcher\org.eclipse.equinox.launcher.win32.win32.x86_64_1.2.900.v20240213-1244\eclipse_11900.dll
0x00007ffbe34f0000 - 0x00007ffbe350b000 	C:\WINDOWS\SYSTEM32\CRYPTSP.dll
0x00007ffbe2c20000 - 0x00007ffbe2c55000 	C:\WINDOWS\system32\rsaenh.dll
0x00007ffbe3230000 - 0x00007ffbe3258000 	C:\WINDOWS\SYSTEM32\USERENV.dll
0x00007ffbe3490000 - 0x00007ffbe349c000 	C:\WINDOWS\SYSTEM32\CRYPTBASE.dll
0x00007ffbddef0000 - 0x00007ffbddf09000 	C:\WINDOWS\SYSTEM32\dhcpcsvc6.DLL
0x00007ffbdddc0000 - 0x00007ffbddddf000 	C:\WINDOWS\SYSTEM32\dhcpcsvc.DLL
0x00007ffb6bf70000 - 0x00007ffb6bfb5000 	C:\Users\paulohenrique\AppData\Local\Temp\jna-2102175456\jna13247369528448383245.dll
0x00007ffbe56a0000 - 0x00007ffbe56a8000 	C:\WINDOWS\System32\PSAPI.DLL
0x00007ffbd6f80000 - 0x00007ffbd6f8e000 	C:\Users\paulohenrique\.vscode\extensions\redhat.java-1.30.0-win32-x64\jre\17.0.10-win32-x86_64\bin\sunmscapi.dll
0x0000019099180000 - 0x00000190992e7000 	C:\WINDOWS\System32\CRYPT32.dll
0x00007ffbe3510000 - 0x00007ffbe353e000 	C:\WINDOWS\SYSTEM32\ncrypt.dll
0x00007ffbe34b0000 - 0x00007ffbe34e7000 	C:\WINDOWS\SYSTEM32\NTASN1.dll
0x00007ffbdcef0000 - 0x00007ffbdcefa000 	C:\Windows\System32\rasadhlp.dll
0x00007ffbde080000 - 0x00007ffbde103000 	C:\WINDOWS\System32\fwpuclnt.dll
0x00007ffbd6f10000 - 0x00007ffbd6f19000 	C:\Users\paulohenrique\.vscode\extensions\redhat.java-1.30.0-win32-x64\jre\17.0.10-win32-x86_64\bin\extnet.dll

dbghelp: loaded successfully - version: 4.0.5 - missing functions: none
symbol engine: initialized successfully - sym options: 0x614 - pdb path: .;c:\Users\paulohenrique\.vscode\extensions\redhat.java-1.30.0-win32-x64\jre\17.0.10-win32-x86_64\bin;C:\WINDOWS\SYSTEM32;C:\Program Files\SentinelOne\Sentinel Agent 23.3.3.264;C:\WINDOWS\WinSxS\amd64_microsoft.windows.common-controls_6595b64144ccf1df_6.0.22621.3235_none_270f74e173860f98;c:\Users\paulohenrique\.vscode\extensions\redhat.java-1.30.0-win32-x64\jre\17.0.10-win32-x86_64\bin\server;C:\Users\paulohenrique\AppData\Roaming\Code\User\globalStorage\redhat.java\1.30.0\config_win\org.eclipse.equinox.launcher\org.eclipse.equinox.launcher.win32.win32.x86_64_1.2.900.v20240213-1244;C:\Users\paulohenrique\AppData\Local\Temp\jna-2102175456

VM Arguments:
jvm_args: --add-modules=ALL-SYSTEM --add-opens=java.base/java.util=ALL-UNNAMED --add-opens=java.base/java.lang=ALL-UNNAMED --add-opens=java.base/sun.nio.fs=ALL-UNNAMED -Declipse.application=org.eclipse.jdt.ls.core.id1 -Dosgi.bundles.defaultStartLevel=4 -Declipse.product=org.eclipse.jdt.ls.core.product -Djava.import.generatesMetadataFilesAtProjectRoot=false -DDetectVMInstallationsJob.disabled=true -Dfile.encoding=utf8 -XX:+UseParallelGC -XX:GCTimeRatio=4 -XX:AdaptiveSizePolicyWeight=90 -Dsun.zip.disableMemoryMapping=true -Xmx1G -Xms100m -Xlog:disable -javaagent:c:\Users\paulohenrique\.vscode\extensions\redhat.java-1.30.0-win32-x64\lombok\lombok-1.18.32.jar -XX:+HeapDumpOnOutOfMemoryError -XX:HeapDumpPath=c:\Users\paulohenrique\AppData\Roaming\Code\User\workspaceStorage\1147f21415c464b20e3d3008bd52bc77\redhat.java -Daether.dependencyCollector.impl=bf -agentpath:C:\Program Files\SentinelOne\Sentinel Agent 23.3.3.264\SentinelJava64.dll=extendedCapabilities 
java_command: c:\Users\paulohenrique\.vscode\extensions\redhat.java-1.30.0-win32-x64\server\plugins\org.eclipse.equinox.launcher_1.6.800.v20240330-1250.jar -configuration c:\Users\paulohenrique\AppData\Roaming\Code\User\globalStorage\redhat.java\1.30.0\config_win -data c:\Users\paulohenrique\AppData\Roaming\Code\User\workspaceStorage\1147f21415c464b20e3d3008bd52bc77\redhat.java\jdt_ws --pipe=\\.\pipe\lsp-73d70d180f82a8b0f81584e7be20cc09-sock
java_class_path (initial): c:\Users\paulohenrique\.vscode\extensions\redhat.java-1.30.0-win32-x64\server\plugins\org.eclipse.equinox.launcher_1.6.800.v20240330-1250.jar
Launcher Type: SUN_STANDARD

[Global flags]
    uintx AdaptiveSizePolicyWeight                 = 90                                        {product} {command line}
     intx CICompilerCount                          = 4                                         {product} {ergonomic}
    uintx GCTimeRatio                              = 4                                         {product} {command line}
     bool HeapDumpOnOutOfMemoryError               = true                                   {manageable} {command line}
    ccstr HeapDumpPath                             = c:\Users\paulohenrique\AppData\Roaming\Code\User\workspaceStorage\1147f21415c464b20e3d3008bd52bc77\redhat.java         {manageable} {command line}
   size_t InitialHeapSize                          = 104857600                                 {product} {command line}
   size_t MaxHeapSize                              = 1073741824                                {product} {command line}
   size_t MaxNewSize                               = 357564416                                 {product} {ergonomic}
   size_t MinHeapDeltaBytes                        = 524288                                    {product} {ergonomic}
   size_t MinHeapSize                              = 104857600                                 {product} {command line}
   size_t NewSize                                  = 34603008                                  {product} {ergonomic}
    uintx NonNMethodCodeHeapSize                   = 5839372                                {pd product} {ergonomic}
    uintx NonProfiledCodeHeapSize                  = 122909434                              {pd product} {ergonomic}
   size_t OldSize                                  = 70254592                                  {product} {ergonomic}
    uintx ProfiledCodeHeapSize                     = 122909434                              {pd product} {ergonomic}
    uintx ReservedCodeCacheSize                    = 251658240                              {pd product} {ergonomic}
     bool SegmentedCodeCache                       = true                                      {product} {ergonomic}
   size_t SoftMaxHeapSize                          = 1073741824                             {manageable} {ergonomic}
     bool UseCompressedClassPointers               = true                           {product lp64_product} {ergonomic}
     bool UseCompressedOops                        = true                           {product lp64_product} {ergonomic}
     bool UseLargePagesIndividualAllocation        = false                                  {pd product} {ergonomic}
     bool UseParallelGC                            = true                                      {product} {command line}

Logging:
Log output configuration:
 #0: stdout all=off uptime,level,tags
 #1: stderr all=off uptime,level,tags

Environment Variables:
PATH=C:\Program Files\Microsoft MPI\Bin\;C:\Program Files\Common Files\Oracle\Java\javapath;C:\WINDOWS\system32;C:\WINDOWS;C:\WINDOWS\System32\Wbem;C:\WINDOWS\System32\WindowsPowerShell\v1.0\;C:\WINDOWS\System32\OpenSSH\;C:\DiscoD\apache-maven-3.8.4\bin;C:\Program Files\Git\cmd;C:\Users\caiolima\AppData\Local\Programs\Python\Python312;C:\DiscoD\Caio\dependencias\nvm-noinstall;C:\Users\caiolima\AppData\Roaming\nvm;C:\Program Files\nodejs;C:\Program Files (x86)\Microsoft SQL Server\160\DTS\Binn\;C:\DiscoD\Caio\dependencias\php\8.3.4;C:\composer;C:\DiscoD\Caio\dependencias\java\jdk-17.0.10;;C:\Program Files\Docker\Docker\resources\bin;C:\Program Files (x86)\Microsoft SQL Server\160\Tools\Binn\;C:\Program Files\Microsoft SQL Server\160\Tools\Binn\;C:\Program Files\Microsoft SQL Server\Client SDK\ODBC\170\Tools\Binn\;C:\Program Files\Microsoft SQL Server\160\DTS\Binn\;C:\Users\paulohenrique\AppData\Local\Programs\Python\Python311\Scripts\;C:\Users\paulohenrique\AppData\Local\Programs\Python\Python311\;C:\Users\paulohenrique\AppData\Local\Microsoft\WindowsApps;C:\Users\paulohenrique\AppData\Local\Programs\Microsoft VS Code\bin;C:\Users\paulohenrique\AppData\Local\Programs\Azure Data Studio\bin;C:\Users\caiolima\AppData\Roaming\nvm;C:\Program Files\nodejs;C:\Program Files\JetBrains\PyCharm Community Edition 2023.3.4\bin;;C:\Program Files\JetBrains\IntelliJ IDEA 2024.1\bin;
USERNAME=paulohenrique
OS=Windows_NT
PROCESSOR_IDENTIFIER=AMD64 Family 25 Model 80 Stepping 0, AuthenticAMD
TMP=C:\Users\PAULOH~1\AppData\Local\Temp
TEMP=C:\Users\PAULOH~1\AppData\Local\Temp



Periodic native trim disabled


---------------  S Y S T E M  ---------------

OS:
 Windows 11 , 64 bit Build 22621 (10.0.22621.3374)
OS uptime: 3 days 22:39 hours
Hyper-V role detected

CPU: total 12 (initial active 12) (12 cores per cpu, 2 threads per core) family 25 model 80 stepping 0 microcode 0x0, cx8, cmov, fxsr, ht, mmx, 3dnowpref, sse, sse2, sse3, ssse3, sse4a, sse4.1, sse4.2, popcnt, lzcnt, tsc, tscinvbit, avx, avx2, aes, erms, clmul, bmi1, bmi2, adx, sha, fma, vzeroupper, clflush, clflushopt, hv
Processor Information for all 12 processors :
  Max Mhz: 3901, Current Mhz: 3901, Mhz Limit: 3901

Memory: 4k page, system-wide physical 7529M (1240M free)
TotalPageFile size 31081M (AvailPageFile size 444M)
current process WorkingSet (physical memory assigned to process): 225M, peak: 333M
current process commit charge ("private bytes"): 301M, peak: 390M

vm_info: OpenJDK 64-Bit Server VM (17.0.10+7) for windows-amd64 JRE (17.0.10+7), built on Jan 16 2024 23:25:11 by "admin" with MS VC++ 16.10 / 16.11 (VS2019)

END.
